<?xml version="1.0" encoding="UTF-8"?>
<!-- Generated by org.testng.reporters.JUnitReportReporter -->
<testsuite skipped="0" hostname="sdatta" name="test.second" tests="3" failures="0" timestamp="16 Jun 2019 13:06:37 GMT" time="0.018" errors="0">
  <testcase name="disout" time="0.002" classname="test.second"/>
  <testcase name="disout" time="0.014" classname="test.second"/>
  <testcase name="disout" time="0.002" classname="test.second"/>
</testsuite> <!-- test.second -->
